This file contains any messages produced by compilers while
running configure, to aid debugging if configure makes a mistake.

It was created by configure, which was
generated by GNU Autoconf 2.59.  Invocation command line was

  $ ./configure 

## --------- ##
## Platform. ##
## --------- ##

hostname = NPV08
uname -m = x86_64
uname -r = 2.6.32-358.el6.x86_64
uname -s = Linux
uname -v = #1 SMP Tue Jan 29 11:47:41 EST 2013

/usr/bin/uname -p = unknown
/bin/uname -X     = unknown

/bin/arch              = x86_64
/usr/bin/arch -k       = unknown
/usr/convex/getsysinfo = unknown
hostinfo               = unknown
/bin/machine           = unknown
/usr/bin/oslevel       = unknown
/bin/universe          = unknown

PATH: /usr/lib64/qt-3.3/bin
PATH: /usr/local/bin
PATH: /usr/bin
PATH: /bin
PATH: /usr/local/sbin
PATH: /usr/sbin
PATH: /sbin
PATH: /home/yudongbo/bin


## ----------- ##
## Core tests. ##
## ----------- ##

configure:1315: checking if target platform is VxWorks
configure:1344: result: no
configure:1395: checking for gcc
configure:1411: found /usr/bin/gcc
configure:1421: result: gcc
configure:1665: checking for C compiler version
configure:1668: gcc --version </dev/null >&5
gcc (GCC) 4.4.7 20120313 (Red Hat 4.4.7-3)
Copyright (C) 2010 Free Software Foundation, Inc.
This is free software; see the source for copying conditions.  There is NO
warranty; not even for MERCHANTABILITY or FITNESS FOR A PARTICULAR PURPOSE.

configure:1671: $? = 0
configure:1673: gcc -v </dev/null >&5
Using built-in specs.
Target: x86_64-redhat-linux
Configured with: ../configure --prefix=/usr --mandir=/usr/share/man --infodir=/usr/share/info --with-bugurl=http://bugzilla.redhat.com/bugzilla --enable-bootstrap --enable-shared --enable-threads=posix --enable-checking=release --with-system-zlib --enable-__cxa_atexit --disable-libunwind-exceptions --enable-gnu-unique-object --enable-languages=c,c++,objc,obj-c++,java,fortran,ada --enable-java-awt=gtk --disable-dssi --with-java-home=/usr/lib/jvm/java-1.5.0-gcj-1.5.0.0/jre --enable-libgcj-multifile --enable-java-maintainer-mode --with-ecj-jar=/usr/share/java/eclipse-ecj.jar --disable-libjava-multilib --with-ppl --with-cloog --with-tune=generic --with-arch_32=i686 --build=x86_64-redhat-linux
Thread model: posix
gcc version 4.4.7 20120313 (Red Hat 4.4.7-3) (GCC) 
configure:1676: $? = 0
configure:1678: gcc -V </dev/null >&5
gcc: '-V' option must have argument
configure:1681: $? = 1
configure:1704: checking for C compiler default output file name
configure:1707: gcc    conftest.c  >&5
configure:1710: $? = 0
configure:1756: result: a.out
configure:1761: checking whether the C compiler works
configure:1767: ./a.out
configure:1770: $? = 0
configure:1787: result: yes
configure:1794: checking whether we are cross compiling
configure:1796: result: no
configure:1799: checking for suffix of executables
configure:1801: gcc -o conftest    conftest.c  >&5
configure:1804: $? = 0
configure:1829: result: 
configure:1835: checking for suffix of object files
configure:1856: gcc -c   conftest.c >&5
configure:1859: $? = 0
configure:1881: result: o
configure:1885: checking whether we are using the GNU C compiler
configure:1909: gcc -c   conftest.c >&5
configure:1915: $? = 0
configure:1919: test -z 
			 || test ! -s conftest.err
configure:1922: $? = 0
configure:1925: test -s conftest.o
configure:1928: $? = 0
configure:1941: result: yes
configure:1947: checking whether gcc accepts -g
configure:1968: gcc -c -g  conftest.c >&5
configure:1974: $? = 0
configure:1978: test -z 
			 || test ! -s conftest.err
configure:1981: $? = 0
configure:1984: test -s conftest.o
configure:1987: $? = 0
configure:1998: result: yes
configure:2015: checking for gcc option to accept ANSI C
configure:2085: gcc  -c -g -O2  conftest.c >&5
configure:2091: $? = 0
configure:2095: test -z 
			 || test ! -s conftest.err
configure:2098: $? = 0
configure:2101: test -s conftest.o
configure:2104: $? = 0
configure:2122: result: none needed
configure:2140: gcc -c -g -O2  conftest.c >&5
conftest.c:2: error: expected '=', ',', ';', 'asm' or '__attribute__' before 'me'
configure:2146: $? = 1
configure: failed program was:
| #ifndef __cplusplus
|   choke me
| #endif
configure:2331: checking for g++
configure:2347: found /usr/bin/g++
configure:2357: result: g++
configure:2373: checking for C++ compiler version
configure:2376: g++ --version </dev/null >&5
g++ (GCC) 4.4.7 20120313 (Red Hat 4.4.7-3)
Copyright (C) 2010 Free Software Foundation, Inc.
This is free software; see the source for copying conditions.  There is NO
warranty; not even for MERCHANTABILITY or FITNESS FOR A PARTICULAR PURPOSE.

configure:2379: $? = 0
configure:2381: g++ -v </dev/null >&5
Using built-in specs.
Target: x86_64-redhat-linux
Configured with: ../configure --prefix=/usr --mandir=/usr/share/man --infodir=/usr/share/info --with-bugurl=http://bugzilla.redhat.com/bugzilla --enable-bootstrap --enable-shared --enable-threads=posix --enable-checking=release --with-system-zlib --enable-__cxa_atexit --disable-libunwind-exceptions --enable-gnu-unique-object --enable-languages=c,c++,objc,obj-c++,java,fortran,ada --enable-java-awt=gtk --disable-dssi --with-java-home=/usr/lib/jvm/java-1.5.0-gcj-1.5.0.0/jre --enable-libgcj-multifile --enable-java-maintainer-mode --with-ecj-jar=/usr/share/java/eclipse-ecj.jar --disable-libjava-multilib --with-ppl --with-cloog --with-tune=generic --with-arch_32=i686 --build=x86_64-redhat-linux
Thread model: posix
gcc version 4.4.7 20120313 (Red Hat 4.4.7-3) (GCC) 
configure:2384: $? = 0
configure:2386: g++ -V </dev/null >&5
g++: '-V' option must have argument
configure:2389: $? = 1
configure:2392: checking whether we are using the GNU C++ compiler
configure:2416: g++ -c   conftest.cc >&5
configure:2422: $? = 0
configure:2426: test -z 
			 || test ! -s conftest.err
configure:2429: $? = 0
configure:2432: test -s conftest.o
configure:2435: $? = 0
configure:2448: result: yes
configure:2454: checking whether g++ accepts -g
configure:2475: g++ -c -g  conftest.cc >&5
configure:2481: $? = 0
configure:2485: test -z 
			 || test ! -s conftest.err
configure:2488: $? = 0
configure:2491: test -s conftest.o
configure:2494: $? = 0
configure:2505: result: yes
configure:2547: g++ -c -g -O2  conftest.cc >&5
configure:2553: $? = 0
configure:2557: test -z 
			 || test ! -s conftest.err
configure:2560: $? = 0
configure:2563: test -s conftest.o
configure:2566: $? = 0
configure:2592: g++ -c -g -O2  conftest.cc >&5
conftest.cc: In function 'int main()':
conftest.cc:13: error: 'exit' was not declared in this scope
configure:2598: $? = 1
configure: failed program was:
| /* confdefs.h.  */
| 
| #define PACKAGE_NAME ""
| #define PACKAGE_TARNAME ""
| #define PACKAGE_VERSION ""
| #define PACKAGE_STRING ""
| #define PACKAGE_BUGREPORT ""
| /* end confdefs.h.  */
| 
| int
| main ()
| {
| exit (42);
|   ;
|   return 0;
| }
configure:2547: g++ -c -g -O2  conftest.cc >&5
conftest.cc:9: error: 'void std::exit(int)' should have been declared inside 'std'
configure:2553: $? = 1
configure: failed program was:
| /* confdefs.h.  */
| 
| #define PACKAGE_NAME ""
| #define PACKAGE_TARNAME ""
| #define PACKAGE_VERSION ""
| #define PACKAGE_STRING ""
| #define PACKAGE_BUGREPORT ""
| /* end confdefs.h.  */
| extern "C" void std::exit (int) throw (); using std::exit;
| #include <stdlib.h>
| int
| main ()
| {
| exit (42);
|   ;
|   return 0;
| }
configure:2547: g++ -c -g -O2  conftest.cc >&5
conftest.cc:9: error: 'void std::exit(int)' should have been declared inside 'std'
In file included from conftest.cc:10:
/usr/include/stdlib.h:544: error: declaration of 'void std::exit(int) throw ()' throws different exceptions
conftest.cc:9: error: from previous declaration 'void std::exit(int)'
configure:2553: $? = 1
configure: failed program was:
| /* confdefs.h.  */
| 
| #define PACKAGE_NAME ""
| #define PACKAGE_TARNAME ""
| #define PACKAGE_VERSION ""
| #define PACKAGE_STRING ""
| #define PACKAGE_BUGREPORT ""
| /* end confdefs.h.  */
| extern "C" void std::exit (int); using std::exit;
| #include <stdlib.h>
| int
| main ()
| {
| exit (42);
|   ;
|   return 0;
| }
configure:2547: g++ -c -g -O2  conftest.cc >&5
configure:2553: $? = 0
configure:2557: test -z 
			 || test ! -s conftest.err
configure:2560: $? = 0
configure:2563: test -s conftest.o
configure:2566: $? = 0
configure:2592: g++ -c -g -O2  conftest.cc >&5
configure:2598: $? = 0
configure:2602: test -z 
			 || test ! -s conftest.err
configure:2605: $? = 0
configure:2608: test -s conftest.o
configure:2611: $? = 0
configure:2635: checking whether gcc and cc understand -c and -o together
configure:2665: gcc -c conftest.c -o conftest.o >&5
configure:2668: $? = 0
configure:2670: gcc -c conftest.c -o conftest.o >&5
configure:2673: $? = 0
configure:2680: cc -c conftest.c >&5
configure:2683: $? = 0
configure:2686: cc -c conftest.c -o conftest.o >&5
configure:2689: $? = 0
configure:2691: cc -c conftest.c -o conftest.o >&5
configure:2694: $? = 0
configure:2712: result: yes
configure:2737: checking for ld
configure:2753: found /usr/bin/ld
configure:2763: result: ld
configure:2775: checking arguments for ld
configure:2791: result: -shared -soname
configure:2809: checking if we can link against libstdc++
configure:2818: result: no
configure:2830: checking for ar
configure:2846: found /usr/bin/ar
configure:2856: result: ar
configure:2868: checking arguments for ar
configure:2884: result: qc
configure:2912: checking how to run the C preprocessor
configure:2947: gcc -E  conftest.c
configure:2953: $? = 0
configure:2985: gcc -E  conftest.c
conftest.c:12:28: error: ac_nonexistent.h: No such file or directory
configure:2991: $? = 1
configure: failed program was:
| /* confdefs.h.  */
| 
| #define PACKAGE_NAME ""
| #define PACKAGE_TARNAME ""
| #define PACKAGE_VERSION ""
| #define PACKAGE_STRING ""
| #define PACKAGE_BUGREPORT ""
| #ifdef __cplusplus
| extern "C" void exit (int) throw ();
| #endif
| /* end confdefs.h.  */
| #include <ac_nonexistent.h>
configure:3030: result: gcc -E
configure:3054: gcc -E  conftest.c
configure:3060: $? = 0
configure:3092: gcc -E  conftest.c
conftest.c:12:28: error: ac_nonexistent.h: No such file or directory
configure:3098: $? = 1
configure: failed program was:
| /* confdefs.h.  */
| 
| #define PACKAGE_NAME ""
| #define PACKAGE_TARNAME ""
| #define PACKAGE_VERSION ""
| #define PACKAGE_STRING ""
| #define PACKAGE_BUGREPORT ""
| #ifdef __cplusplus
| extern "C" void exit (int) throw ();
| #endif
| /* end confdefs.h.  */
| #include <ac_nonexistent.h>
configure:3142: checking for egrep
configure:3152: result: grep -E
configure:3157: checking for ANSI C header files
configure:3182: gcc -c -g -O2  conftest.c >&5
configure:3188: $? = 0
configure:3192: test -z 
			 || test ! -s conftest.err
configure:3195: $? = 0
configure:3198: test -s conftest.o
configure:3201: $? = 0
configure:3290: gcc -o conftest -g -O2   conftest.c  >&5
conftest.c: In function 'main':
conftest.c:29: warning: incompatible implicit declaration of built-in function 'exit'
configure:3293: $? = 0
configure:3295: ./conftest
configure:3298: $? = 0
configure:3313: result: yes
configure:3337: checking for sys/types.h
configure:3353: gcc -c -g -O2  conftest.c >&5
configure:3359: $? = 0
configure:3363: test -z 
			 || test ! -s conftest.err
configure:3366: $? = 0
configure:3369: test -s conftest.o
configure:3372: $? = 0
configure:3383: result: yes
configure:3337: checking for sys/stat.h
configure:3353: gcc -c -g -O2  conftest.c >&5
configure:3359: $? = 0
configure:3363: test -z 
			 || test ! -s conftest.err
configure:3366: $? = 0
configure:3369: test -s conftest.o
configure:3372: $? = 0
configure:3383: result: yes
configure:3337: checking for stdlib.h
configure:3353: gcc -c -g -O2  conftest.c >&5
configure:3359: $? = 0
configure:3363: test -z 
			 || test ! -s conftest.err
configure:3366: $? = 0
configure:3369: test -s conftest.o
configure:3372: $? = 0
configure:3383: result: yes
configure:3337: checking for string.h
configure:3353: gcc -c -g -O2  conftest.c >&5
configure:3359: $? = 0
configure:3363: test -z 
			 || test ! -s conftest.err
configure:3366: $? = 0
configure:3369: test -s conftest.o
configure:3372: $? = 0
configure:3383: result: yes
configure:3337: checking for memory.h
configure:3353: gcc -c -g -O2  conftest.c >&5
configure:3359: $? = 0
configure:3363: test -z 
			 || test ! -s conftest.err
configure:3366: $? = 0
configure:3369: test -s conftest.o
configure:3372: $? = 0
configure:3383: result: yes
configure:3337: checking for strings.h
configure:3353: gcc -c -g -O2  conftest.c >&5
configure:3359: $? = 0
configure:3363: test -z 
			 || test ! -s conftest.err
configure:3366: $? = 0
configure:3369: test -s conftest.o
configure:3372: $? = 0
configure:3383: result: yes
configure:3337: checking for inttypes.h
configure:3353: gcc -c -g -O2  conftest.c >&5
configure:3359: $? = 0
configure:3363: test -z 
			 || test ! -s conftest.err
configure:3366: $? = 0
configure:3369: test -s conftest.o
configure:3372: $? = 0
configure:3383: result: yes
configure:3337: checking for stdint.h
configure:3353: gcc -c -g -O2  conftest.c >&5
configure:3359: $? = 0
configure:3363: test -z 
			 || test ! -s conftest.err
configure:3366: $? = 0
configure:3369: test -s conftest.o
configure:3372: $? = 0
configure:3383: result: yes
configure:3337: checking for unistd.h
configure:3353: gcc -c -g -O2  conftest.c >&5
configure:3359: $? = 0
configure:3363: test -z 
			 || test ! -s conftest.err
configure:3366: $? = 0
configure:3369: test -s conftest.o
configure:3372: $? = 0
configure:3383: result: yes
configure:3405: checking sys/filio.h usability
configure:3417: gcc -c -g -O2  conftest.c >&5
conftest.c:56:23: error: sys/filio.h: No such file or directory
configure:3423: $? = 1
configure: failed program was:
| /* confdefs.h.  */
| 
| #define PACKAGE_NAME ""
| #define PACKAGE_TARNAME ""
| #define PACKAGE_VERSION ""
| #define PACKAGE_STRING ""
| #define PACKAGE_BUGREPORT ""
| #ifdef __cplusplus
| extern "C" void exit (int) throw ();
| #endif
| #define STDC_HEADERS 1
| #define HAVE_SYS_TYPES_H 1
| #define HAVE_SYS_STAT_H 1
| #define HAVE_STDLIB_H 1
| #define HAVE_STRING_H 1
| #define HAVE_MEMORY_H 1
| #define HAVE_STRINGS_H 1
| #define HAVE_INTTYPES_H 1
| #define HAVE_STDINT_H 1
| #define HAVE_UNISTD_H 1
| /* end confdefs.h.  */
| #include <stdio.h>
| #if HAVE_SYS_TYPES_H
| # include <sys/types.h>
| #endif
| #if HAVE_SYS_STAT_H
| # include <sys/stat.h>
| #endif
| #if STDC_HEADERS
| # include <stdlib.h>
| # include <stddef.h>
| #else
| # if HAVE_STDLIB_H
| #  include <stdlib.h>
| # endif
| #endif
| #if HAVE_STRING_H
| # if !STDC_HEADERS && HAVE_MEMORY_H
| #  include <memory.h>
| # endif
| # include <string.h>
| #endif
| #if HAVE_STRINGS_H
| # include <strings.h>
| #endif
| #if HAVE_INTTYPES_H
| # include <inttypes.h>
| #else
| # if HAVE_STDINT_H
| #  include <stdint.h>
| # endif
| #endif
| #if HAVE_UNISTD_H
| # include <unistd.h>
| #endif
| #include <sys/filio.h>
configure:3446: result: no
configure:3450: checking sys/filio.h presence
configure:3460: gcc -E  conftest.c
conftest.c:22:23: error: sys/filio.h: No such file or directory
configure:3466: $? = 1
configure: failed program was:
| /* confdefs.h.  */
| 
| #define PACKAGE_NAME ""
| #define PACKAGE_TARNAME ""
| #define PACKAGE_VERSION ""
| #define PACKAGE_STRING ""
| #define PACKAGE_BUGREPORT ""
| #ifdef __cplusplus
| extern "C" void exit (int) throw ();
| #endif
| #define STDC_HEADERS 1
| #define HAVE_SYS_TYPES_H 1
| #define HAVE_SYS_STAT_H 1
| #define HAVE_STDLIB_H 1
| #define HAVE_STRING_H 1
| #define HAVE_MEMORY_H 1
| #define HAVE_STRINGS_H 1
| #define HAVE_INTTYPES_H 1
| #define HAVE_STDINT_H 1
| #define HAVE_UNISTD_H 1
| /* end confdefs.h.  */
| #include <sys/filio.h>
configure:3486: result: no
configure:3521: checking for sys/filio.h
configure:3528: result: no
configure:3557: checking whether byte ordering is bigendian
configure:3584: gcc -c -g -O2  conftest.c >&5
configure:3590: $? = 0
configure:3594: test -z 
			 || test ! -s conftest.err
configure:3597: $? = 0
configure:3600: test -s conftest.o
configure:3603: $? = 0
configure:3627: gcc -c -g -O2  conftest.c >&5
conftest.c: In function 'main':
conftest.c:29: error: 'not' undeclared (first use in this function)
conftest.c:29: error: (Each undeclared identifier is reported only once
conftest.c:29: error: for each function it appears in.)
conftest.c:29: error: expected ';' before 'big'
configure:3633: $? = 1
configure: failed program was:
| /* confdefs.h.  */
| 
| #define PACKAGE_NAME ""
| #define PACKAGE_TARNAME ""
| #define PACKAGE_VERSION ""
| #define PACKAGE_STRING ""
| #define PACKAGE_BUGREPORT ""
| #ifdef __cplusplus
| extern "C" void exit (int) throw ();
| #endif
| #define STDC_HEADERS 1
| #define HAVE_SYS_TYPES_H 1
| #define HAVE_SYS_STAT_H 1
| #define HAVE_STDLIB_H 1
| #define HAVE_STRING_H 1
| #define HAVE_MEMORY_H 1
| #define HAVE_STRINGS_H 1
| #define HAVE_INTTYPES_H 1
| #define HAVE_STDINT_H 1
| #define HAVE_UNISTD_H 1
| /* end confdefs.h.  */
| #include <sys/types.h>
| #include <sys/param.h>
| 
| int
| main ()
| {
| #if BYTE_ORDER != BIG_ENDIAN
|  not big endian
| #endif
| 
|   ;
|   return 0;
| }
configure:3768: result: no
configure:3793: checking last argument of getsockname
configure:3815: gcc -c -g -O2  conftest.c >&5
configure:3821: $? = 0
configure:3825: test -z 
			 || test ! -s conftest.err
configure:3828: $? = 0
configure:3831: test -s conftest.o
configure:3834: $? = 0
configure:3837: result: unsigned int
configure:3850: checking if necessary options for multicasting are available
configure:3876: gcc -c -g -O2  conftest.c >&5
configure:3882: $? = 0
configure:3886: test -z 
			 || test ! -s conftest.err
configure:3889: $? = 0
configure:3892: test -s conftest.o
configure:3895: $? = 0
configure:3898: result: yes
configure:4065: creating ./config.status

## ---------------------- ##
## Running config.status. ##
## ---------------------- ##

This file was extended by config.status, which was
generated by GNU Autoconf 2.59.  Invocation command line was

  CONFIG_FILES    = 
  CONFIG_HEADERS  = 
  CONFIG_LINKS    = 
  CONFIG_COMMANDS = 
  $ ./config.status 

on NPV08

config.status:648: creating Makefile
config.status:648: creating rtpconfig_unix.h

## ---------------- ##
## Cache variables. ##
## ---------------- ##

ac_cv_c_bigendian=no
ac_cv_c_compiler_gnu=yes
ac_cv_cxx_compiler_gnu=yes
ac_cv_env_CC_set=
ac_cv_env_CC_value=
ac_cv_env_CFLAGS_set=
ac_cv_env_CFLAGS_value=
ac_cv_env_CPPFLAGS_set=
ac_cv_env_CPPFLAGS_value=
ac_cv_env_CPP_set=
ac_cv_env_CPP_value=
ac_cv_env_CXXFLAGS_set=
ac_cv_env_CXXFLAGS_value=
ac_cv_env_CXX_set=
ac_cv_env_CXX_value=
ac_cv_env_LDFLAGS_set=
ac_cv_env_LDFLAGS_value=
ac_cv_env_build_alias_set=
ac_cv_env_build_alias_value=
ac_cv_env_host_alias_set=
ac_cv_env_host_alias_value=
ac_cv_env_target_alias_set=
ac_cv_env_target_alias_value=
ac_cv_exeext=
ac_cv_header_inttypes_h=yes
ac_cv_header_memory_h=yes
ac_cv_header_stdc=yes
ac_cv_header_stdint_h=yes
ac_cv_header_stdlib_h=yes
ac_cv_header_string_h=yes
ac_cv_header_strings_h=yes
ac_cv_header_sys_filio_h=no
ac_cv_header_sys_stat_h=yes
ac_cv_header_sys_types_h=yes
ac_cv_header_unistd_h=yes
ac_cv_objext=o
ac_cv_prog_CPP='gcc -E'
ac_cv_prog_RTP_AR=ar
ac_cv_prog_RTP_LD=ld
ac_cv_prog_ac_ct_CC=gcc
ac_cv_prog_ac_ct_CXX=g++
ac_cv_prog_cc_g=yes
ac_cv_prog_cc_gcc_c_o=yes
ac_cv_prog_cc_stdc=
ac_cv_prog_cxx_g=yes
ac_cv_prog_egrep='grep -E'

## ----------------- ##
## Output variables. ##
## ----------------- ##

CC='gcc'
CFLAGS='-g -O2'
CPP='gcc -E'
CPPFLAGS=''
CXX='g++'
CXXFLAGS='-g -O2'
DEFS='-DPACKAGE_NAME=\"\" -DPACKAGE_TARNAME=\"\" -DPACKAGE_VERSION=\"\" -DPACKAGE_STRING=\"\" -DPACKAGE_BUGREPORT=\"\" -DSTDC_HEADERS=1 -DHAVE_SYS_TYPES_H=1 -DHAVE_SYS_STAT_H=1 -DHAVE_STDLIB_H=1 -DHAVE_STRING_H=1 -DHAVE_MEMORY_H=1 -DHAVE_STRINGS_H=1 -DHAVE_INTTYPES_H=1 -DHAVE_STDINT_H=1 -DHAVE_UNISTD_H=1 '
ECHO_C=''
ECHO_N='-n'
ECHO_T=''
EGREP='grep -E'
EXEEXT=''
LDFLAGS=''
LIBOBJS=''
LIBS=''
LTLIBOBJS=''
OBJEXT='o'
PACKAGE_BUGREPORT=''
PACKAGE_NAME=''
PACKAGE_STRING=''
PACKAGE_TARNAME=''
PACKAGE_VERSION=''
PATH_SEPARATOR=':'
RTP_AR='ar'
RTP_ARFLAGS='qc'
RTP_CFLAGS='-O2'
RTP_ENDIAN='// Little endian system'
RTP_FILIO='// Don't have <sys/filio.h>'
RTP_LD='ld'
RTP_LDFLAGS='-shared -soname'
RTP_MCAST='#define RTP_MULTICAST'
RTP_SOCKLEN='#define RTP_SOCKLENTYPE_UINT'
RTP_TARGETS='sharedlib staticlib'
RTP_VXWORKS='// Not VxWorks version'
SHELL='/bin/sh'
ac_ct_CC='gcc'
ac_ct_CXX='g++'
bindir='${exec_prefix}/bin'
build_alias=''
datadir='${prefix}/share'
exec_prefix='${prefix}'
host_alias=''
includedir='${prefix}/include'
infodir='${prefix}/info'
libdir='${exec_prefix}/lib'
libexecdir='${exec_prefix}/libexec'
localstatedir='${prefix}/var'
mandir='${prefix}/man'
oldincludedir='/usr/include'
prefix='/usr/local'
program_transform_name='s,x,x,'
sbindir='${exec_prefix}/sbin'
sharedstatedir='${prefix}/com'
sysconfdir='${prefix}/etc'
target_alias=''

## ----------- ##
## confdefs.h. ##
## ----------- ##

#define HAVE_INTTYPES_H 1
#define HAVE_MEMORY_H 1
#define HAVE_STDINT_H 1
#define HAVE_STDLIB_H 1
#define HAVE_STRINGS_H 1
#define HAVE_STRING_H 1
#define HAVE_SYS_STAT_H 1
#define HAVE_SYS_TYPES_H 1
#define HAVE_UNISTD_H 1
#define PACKAGE_BUGREPORT ""
#define PACKAGE_NAME ""
#define PACKAGE_STRING ""
#define PACKAGE_TARNAME ""
#define PACKAGE_VERSION ""
#define STDC_HEADERS 1
#endif
#ifdef __cplusplus
extern "C" void exit (int) throw ();

configure: exit 0
